[Wed, 04 Jan 17 15:59:17 +0800][ERROR] Phpc\Controllers\IndexController handler class cannot be loaded
[Wed, 04 Jan 17 15:59:18 +0800][ERROR] Phpc\Controllers\IndexController handler class cannot be loaded
[Wed, 04 Jan 17 16:11:02 +0800][ERROR] Phpc\Controllers\IndexController handler class cannot be loaded
[Wed, 04 Jan 17 16:11:56 +0800][ERROR] Phpc\Controllers\IndexController handler class cannot be loaded
[Wed, 04 Jan 17 16:12:45 +0800][ERROR] Phpc\Controllers\IndexController handler class cannot be loaded
[Wed, 04 Jan 17 16:13:35 +0800][ERROR] Phpc\Controllers\IndexController handler class cannot be loaded
[Wed, 04 Jan 17 16:13:44 +0800][ERROR] Phpc\Controllers\IndexController handler class cannot be loaded
[Wed, 04 Jan 17 16:16:24 +0800][ERROR] Phpc\Controllers\DefaultController handler class cannot be loaded
[Wed, 04 Jan 17 16:16:26 +0800][ERROR] Phpc\Controllers\DefaultController handler class cannot be loaded
[Wed, 04 Jan 17 16:17:29 +0800][ERROR] Phpc\Controllers\DefaultController handler class cannot be loaded
[Wed, 04 Jan 17 16:17:35 +0800][ERROR] Phpc\Controllers\DefaultController handler class cannot be loaded
[Wed, 04 Jan 17 16:17:57 +0800][ERROR] Phpc\Controllers\DefaultController handler class cannot be loaded
[Wed, 04 Jan 17 16:18:13 +0800][ERROR] Phpc\Controllers\DefaultController handler class cannot be loaded
[Wed, 04 Jan 17 16:19:19 +0800][ERROR] Phpc\Controllers\DefaultController handler class cannot be loaded
[Wed, 04 Jan 17 16:19:21 +0800][ERROR] Phpc\Controllers\DefaultController handler class cannot be loaded
[Wed, 04 Jan 17 16:19:58 +0800][ERROR] Phpc\Controllers\DefaultController handler class cannot be loaded
[Wed, 04 Jan 17 16:51:40 +0800][ERROR] Phpc\Controllers\IndexController handler class cannot be loaded
[Wed, 04 Jan 17 16:52:03 +0800][ERROR] Phpc\Controllers\Default\IndexController handler class cannot be loaded
[Wed, 04 Jan 17 16:52:13 +0800][ERROR] Phpc\Controllers\IndexController handler class cannot be loaded
[Wed, 04 Jan 17 17:19:33 +0800][ERROR] Wrong number of parameters
[Wed, 04 Jan 17 17:19:35 +0800][ERROR] Wrong number of parameters
[Wed, 04 Jan 17 17:19:39 +0800][ERROR] Wrong number of parameters
[Wed, 04 Jan 17 17:19:56 +0800][ERROR] Service 'dd' wasn't found in the dependency injection container
[Wed, 04 Jan 17 17:20:04 +0800][ERROR] Service '1' wasn't found in the dependency injection container
